# JRE version: OpenJDK Runtime Environment Microsoft-7208460 (11.0.18+10) (build 11.0.18+10-LTS)
# Java VM: OpenJDK 64-Bit Server VM Microsoft-7208460 (11.0.18+10-LTS, mixed mode, tiered, compressed oops, g1 gc, windows-amd64)
Heap:
 garbage-first heap   total 503808K, used 84106K [0x0000000080000000, 0x0000000100000000)
  region size 1024K, 1 young (1024K), 1 survivors (1024K)
 Metaspace       used 85740K, capacity 88135K, committed 88144K, reserved 593920K
  class space    used 10990K, capacity 12029K, committed 12032K, reserved 516096K
GC Heap History (20 events):
Event: 2327.047 GC heap after
{Heap after GC invocations=95 (full 0):
 garbage-first heap   total 174080K, used 84173K [0x0000000080000000, 0x0000000100000000)
  region size 1024K, 1 young (1024K), 1 survivors (1024K)
 Metaspace       used 82886K, capacity 85242K, committed 85456K, reserved 591872K
  class space    used 10569K, capacity 11541K, committed 11648K, reserved 516096K
}
Event: 2329.457 GC heap before
{Heap before GC invocations=96 (full 0):
 garbage-first heap   total 174080K, used 86221K [0x0000000080000000, 0x0000000100000000)
  region size 1024K, 9 young (9216K), 1 survivors (1024K)
 Metaspace       used 83559K, capacity 85949K, committed 86096K, reserved 591872K
  class space    used 10685K, capacity 11670K, committed 11776K, reserved 516096K
}
Event: 2329.464 GC heap after
{Heap after GC invocations=97 (full 0):
 garbage-first heap   total 174080K, used 79367K [0x0000000080000000, 0x0000000100000000)
  region size 1024K, 2 young (2048K), 2 survivors (2048K)
 Metaspace       used 83559K, capacity 85949K, committed 86096K, reserved 591872K
  class space    used 10685K, capacity 11670K, committed 11776K, reserved 516096K
}
Event: 2332.008 GC heap before
{Heap before GC invocations=97 (full 0):
 garbage-first heap   total 174080K, used 84487K [0x0000000080000000, 0x0000000100000000)
  region size 1024K, 8 young (8192K), 2 survivors (2048K)
 Metaspace       used 84253K, capacity 86595K, committed 86864K, reserved 591872K
  class space    used 10763K, capacity 11735K, committed 11776K, reserved 516096K
}
Event: 2332.067 GC heap after
{Heap after GC invocations=98 (full 0):
 garbage-first heap   total 174080K, used 78945K [0x0000000080000000, 0x0000000100000000)
  region size 1024K, 1 young (1024K), 1 survivors (1024K)
 Metaspace       used 84253K, capacity 86595K, committed 86864K, reserved 591872K
  class space    used 10763K, capacity 11735K, committed 11776K, reserved 516096K
}
Event: 2332.069 GC heap before
{Heap before GC invocations=98 (full 0):
 garbage-first heap   total 174080K, used 78945K [0x0000000080000000, 0x0000000100000000)
  region size 1024K, 2 young (2048K), 1 survivors (1024K)
 Metaspace       used 84254K, capacity 86595K, committed 86864K, reserved 591872K
  class space    used 10763K, capacity 11735K, committed 11776K, reserved 516096K
}
Event: 2332.073 GC heap after
{Heap after GC invocations=99 (full 0):
 garbage-first heap   total 174080K, used 79099K [0x0000000080000000, 0x0000000100000000)
  region size 1024K, 1 young (1024K), 1 survivors (1024K)
 Metaspace       used 84254K, capacity 86595K, committed 86864K, reserved 591872K
  class space    used 10763K, capacity 11735K, committed 11776K, reserved 516096K
}
Event: 2335.535 GC heap before
{Heap before GC invocations=100 (full 0):
 garbage-first heap   total 174080K, used 90363K [0x0000000080000000, 0x0000000100000000)
  region size 1024K, 11 young (11264K), 1 survivors (1024K)
 Metaspace       used 85151K, capacity 87529K, committed 87760K, reserved 593920K
  class space    used 10891K, capacity 11871K, committed 11904K, reserved 516096K
}
Event: 2335.647 GC heap after
{Heap after GC invocations=101 (full 0):
 garbage-first heap   total 174080K, used 79140K [0x0000000080000000, 0x0000000100000000)
  region size 1024K, 1 young (1024K), 1 survivors (1024K)
 Metaspace       used 85151K, capacity 87529K, committed 87760K, reserved 593920K
  class space    used 10891K, capacity 11871K, committed 11904K, reserved 516096K
}
Event: 2342.677 GC heap before
{Heap before GC invocations=101 (full 0):
 garbage-first heap   total 174080K, used 90404K [0x0000000080000000, 0x0000000100000000)
  region size 1024K, 12 young (12288K), 1 survivors (1024K)
 Metaspace       used 85435K, capacity 87851K, committed 88144K, reserved 593920K
  class space    used 10944K, capacity 11956K, committed 12032K, reserved 516096K
}
Event: 2343.265 GC heap after
{Heap after GC invocations=102 (full 0):
 garbage-first heap   total 251904K, used 80182K [0x0000000080000000, 0x0000000100000000)
  region size 1024K, 2 young (2048K), 2 survivors (2048K)
 Metaspace       used 85435K, capacity 87851K, committed 88144K, reserved 593920K
  class space    used 10944K, capacity 11956K, committed 12032K, reserved 516096K
}
Event: 2345.193 GC heap before
{Heap before GC invocations=103 (full 0):
 garbage-first heap   total 251904K, used 90422K [0x0000000080000000, 0x0000000100000000)
  region size 1024K, 12 young (12288K), 2 survivors (2048K)
 Metaspace       used 85574K, capacity 88031K, committed 88144K, reserved 593920K
  class space    used 10975K, capacity 11996K, committed 12032K, reserved 516096K
}
Event: 2345.396 GC heap after
{Heap after GC invocations=104 (full 0):
 garbage-first heap   total 251904K, used 81342K [0x0000000080000000, 0x0000000100000000)
  region size 1024K, 2 young (2048K), 2 survivors (2048K)
 Metaspace       used 85574K, capacity 88031K, committed 88144K, reserved 593920K
  class space    used 10975K, capacity 11996K, committed 12032K, reserved 516096K
}
Event: 2345.675 GC heap before
{Heap before GC invocations=104 (full 0):
 garbage-first heap   total 251904K, used 91582K [0x0000000080000000, 0x0000000100000000)
  region size 1024K, 12 young (12288K), 2 survivors (2048K)
 Metaspace       used 85583K, capacity 88031K, committed 88144K, reserved 593920K
  class space    used 10976K, capacity 11996K, committed 12032K, reserved 516096K
}
Event: 2345.761 GC heap after
{Heap after GC invocations=105 (full 0):
 garbage-first heap   total 251904K, used 82213K [0x0000000080000000, 0x0000000100000000)
  region size 1024K, 1 young (1024K), 1 survivors (1024K)
 Metaspace       used 85583K, capacity 88031K, committed 88144K, reserved 593920K
  class space    used 10976K, capacity 11996K, committed 12032K, reserved 516096K
}
Event: 2346.398 GC heap before
{Heap before GC invocations=105 (full 0):
 garbage-first heap   total 251904K, used 93477K [0x0000000080000000, 0x0000000100000000)
  region size 1024K, 12 young (12288K), 1 survivors (1024K)
 Metaspace       used 85681K, capacity 88128K, committed 88144K, reserved 593920K
  class space    used 10985K, capacity 12028K, committed 12032K, reserved 516096K
}
Event: 2346.403 GC heap after
{Heap after GC invocations=106 (full 0):
 garbage-first heap   total 251904K, used 83199K [0x0000000080000000, 0x0000000100000000)
  region size 1024K, 2 young (2048K), 2 survivors (2048K)
 Metaspace       used 85681K, capacity 88128K, committed 88144K, reserved 593920K
  class space    used 10985K, capacity 12028K, committed 12032K, reserved 516096K
}
Event: 2346.605 GC heap before
{Heap before GC invocations=106 (full 0):
 garbage-first heap   total 251904K, used 93439K [0x0000000080000000, 0x0000000100000000)
  region size 1024K, 12 young (12288K), 2 survivors (2048K)
 Metaspace       used 85716K, capacity 88134K, committed 88144K, reserved 593920K
  class space    used 10989K, capacity 12029K, committed 12032K, reserved 516096K
}
Event: 2347.054 GC heap after
{Heap after GC invocations=107 (full 0):
 garbage-first heap   total 251904K, used 83998K [0x0000000080000000, 0x0000000100000000)
  region size 1024K, 1 young (1024K), 1 survivors (1024K)
 Metaspace       used 85716K, capacity 88134K, committed 88144K, reserved 593920K
  class space    used 10989K, capacity 12029K, committed 12032K, reserved 516096K
}
Event: 2668.232 GC heap before
{Heap before GC invocations=107 (full 0):
 garbage-first heap   total 251904K, used 95262K [0x0000000080000000, 0x0000000100000000)
  region size 1024K, 12 young (12288K), 1 survivors (1024K)
 Metaspace       used 85740K, capacity 88135K, committed 88144K, reserved 593920K
  class space    used 10990K, capacity 12029K, committed 12032K, reserved 516096K
}

